{"/home/nick/uplink-monorepo/packages/uplink-hub/subgraphs/user/src/operations/operations.ts": {"path":"/home/nick/uplink-monorepo/packages/uplink-hub/subgraphs/user/src/operations/operations.ts","statementMap":{"0":{"start":{"line":1,"column":0},"end":{"line":1,"column":35}},"1":{"start":{"line":4,"column":23},"end":{"line":23,"column":null}},"2":{"start":{"line":6,"column":8},"end":{"line":6,"column":null}},"3":{"start":{"line":10,"column":8},"end":{"line":21,"column":null}},"4":{"start":{"line":12,"column":43},"end":{"line":12,"column":51}},"5":{"start":{"line":13,"column":32},"end":{"line":13,"column":56}},"6":{"start":{"line":14,"column":27},"end":{"line":14,"column":62}},"7":{"start":{"line":15,"column":33},"end":{"line":15,"column":36}},"8":{"start":{"line":17,"column":12},"end":{"line":17,"column":null}},"9":{"start":{"line":20,"column":12},"end":{"line":20,"column":23}},"10":{"start":{"line":26,"column":0},"end":{"line":26,"column":null}}},"fnMap":{"0":{"name":"(anonymous_0)","decl":{"start":{"line":5,"column":19},"end":{"line":5,"column":22}},"loc":{"start":{"line":5,"column":24},"end":{"line":7,"column":5}}},"1":{"name":"(anonymous_1)","decl":{"start":{"line":9,"column":21},"end":{"line":9,"column":26}},"loc":{"start":{"line":9,"column":40},"end":{"line":22,"column":5}}}},"branchMap":{},"s":{"0":1,"1":1,"2":0,"3":1,"4":1,"5":1,"6":1,"7":1,"8":1,"9":0,"10":1},"f":{"0":0,"1":1},"b":{}}
,"/home/nick/uplink-monorepo/packages/uplink-hub/subgraphs/user/src/resolvers/mutations.ts": {"path":"/home/nick/uplink-monorepo/packages/uplink-hub/subgraphs/user/src/resolvers/mutations.ts","statementMap":{"0":{"start":{"line":1,"column":0},"end":{"line":1,"column":53}},"1":{"start":{"line":4,"column":18},"end":{"line":11,"column":null}},"2":{"start":{"line":7,"column":27},"end":{"line":7,"column":73}},"3":{"start":{"line":8,"column":12},"end":{"line":8,"column":null}},"4":{"start":{"line":14,"column":0},"end":{"line":14,"column":null}}},"fnMap":{"0":{"name":"(anonymous_1)","decl":{"start":{"line":6,"column":16},"end":{"line":6,"column":21}},"loc":{"start":{"line":6,"column":42},"end":{"line":9,"column":9}}}},"branchMap":{},"s":{"0":1,"1":1,"2":1,"3":1,"4":1},"f":{"0":1},"b":{}}
,"/home/nick/uplink-monorepo/packages/uplink-hub/subgraphs/user/src/resolvers/queries.ts": {"path":"/home/nick/uplink-monorepo/packages/uplink-hub/subgraphs/user/src/resolvers/queries.ts","statementMap":{"0":{"start":{"line":2,"column":16},"end":{"line":11,"column":2}},"1":{"start":{"line":5,"column":12},"end":{"line":5,"column":null}},"2":{"start":{"line":8,"column":12},"end":{"line":8,"column":null}},"3":{"start":{"line":13,"column":13},"end":{"line":16,"column":2}},"4":{"start":{"line":20,"column":0},"end":{"line":20,"column":null}}},"fnMap":{"0":{"name":"(anonymous_0)","decl":{"start":{"line":4,"column":8},"end":{"line":4,"column":10}},"loc":{"start":{"line":4,"column":10},"end":{"line":6,"column":9}}},"1":{"name":"(anonymous_1)","decl":{"start":{"line":7,"column":8},"end":{"line":7,"column":21}},"loc":{"start":{"line":7,"column":21},"end":{"line":9,"column":9}}}},"branchMap":{},"s":{"0":1,"1":0,"2":1,"3":1,"4":1},"f":{"0":0,"1":1},"b":{}}
}
