{"/home/nick/uplink-monorepo/packages/uplink-hub/auth/src/routes.ts": {"path":"/home/nick/uplink-monorepo/packages/uplink-hub/auth/src/routes.ts","statementMap":{"0":{"start":{"line":1,"column":0},"end":{"line":1,"column":30}},"1":{"start":{"line":2,"column":0},"end":{"line":2,"column":53}},"2":{"start":{"line":3,"column":0},"end":{"line":3,"column":37}},"3":{"start":{"line":4,"column":13},"end":{"line":4,"column":22}},"4":{"start":{"line":5,"column":0},"end":{"line":5,"column":null}},"5":{"start":{"line":7,"column":0},"end":{"line":9,"column":null}},"6":{"start":{"line":8,"column":4},"end":{"line":8,"column":null}},"7":{"start":{"line":11,"column":0},"end":{"line":11,"column":null}},"8":{"start":{"line":13,"column":0},"end":{"line":13,"column":null}},"9":{"start":{"line":15,"column":0},"end":{"line":15,"column":null}},"10":{"start":{"line":17,"column":0},"end":{"line":17,"column":null}}},"fnMap":{"0":{"name":"(anonymous_7)","decl":{"start":{"line":7,"column":14},"end":{"line":7,"column":15}},"loc":{"start":{"line":7,"column":27},"end":{"line":9,"column":1}}}},"branchMap":{},"s":{"0":1,"1":1,"2":1,"3":1,"4":1,"5":1,"6":0,"7":1,"8":1,"9":1,"10":1},"f":{"0":0},"b":{}}
,"/home/nick/uplink-monorepo/packages/uplink-hub/auth/src/controllers/index.ts": {"path":"/home/nick/uplink-monorepo/packages/uplink-hub/auth/src/controllers/index.ts","statementMap":{"0":{"start":{"line":1,"column":0},"end":{"line":1,"column":50}},"1":{"start":{"line":3,"column":24},"end":{"line":5,"column":1}},"2":{"start":{"line":4,"column":4},"end":{"line":4,"column":null}},"3":{"start":{"line":3,"column":13},"end":{"line":3,"column":24}},"4":{"start":{"line":7,"column":31},"end":{"line":20,"column":1}},"5":{"start":{"line":8,"column":4},"end":{"line":18,"column":null}},"6":{"start":{"line":9,"column":39},"end":{"line":9,"column":47}},"7":{"start":{"line":10,"column":8},"end":{"line":10,"column":null}},"8":{"start":{"line":11,"column":28},"end":{"line":11,"column":52}},"9":{"start":{"line":12,"column":23},"end":{"line":12,"column":62}},"10":{"start":{"line":13,"column":8},"end":{"line":13,"column":null}},"11":{"start":{"line":14,"column":8},"end":{"line":14,"column":null}},"12":{"start":{"line":16,"column":8},"end":{"line":16,"column":null}},"13":{"start":{"line":17,"column":8},"end":{"line":17,"column":null}},"14":{"start":{"line":7,"column":13},"end":{"line":7,"column":31}},"15":{"start":{"line":22,"column":23},"end":{"line":24,"column":1}},"16":{"start":{"line":23,"column":4},"end":{"line":23,"column":null}},"17":{"start":{"line":22,"column":13},"end":{"line":22,"column":23}}},"fnMap":{"0":{"name":"(anonymous_0)","decl":{"start":{"line":3,"column":24},"end":{"line":3,"column":34}},"loc":{"start":{"line":3,"column":40},"end":{"line":5,"column":1}}},"1":{"name":"(anonymous_1)","decl":{"start":{"line":7,"column":31},"end":{"line":7,"column":36}},"loc":{"start":{"line":7,"column":50},"end":{"line":20,"column":1}}},"2":{"name":"(anonymous_2)","decl":{"start":{"line":22,"column":23},"end":{"line":22,"column":33}},"loc":{"start":{"line":22,"column":47},"end":{"line":24,"column":1}}}},"branchMap":{},"s":{"0":1,"1":1,"2":1,"3":1,"4":1,"5":3,"6":3,"7":3,"8":3,"9":2,"10":1,"11":1,"12":2,"13":2,"14":1,"15":1,"16":0,"17":1},"f":{"0":1,"1":3,"2":0},"b":{}}
}
