<?xml version="1.0" encoding="UTF-8"?>
<coverage generated="1675993268505" clover="3.2.0">
  <project timestamp="1675993268505" name="All files">
    <metrics statements="21" coveredstatements="18" conditionals="0" coveredconditionals="0" methods="5" coveredmethods="3" elements="26" coveredelements="21" complexity="0" loc="21" ncloc="21" packages="2" files="3" classes="3"/>
    <package name="operations">
      <metrics statements="11" coveredstatements="9" conditionals="0" coveredconditionals="0" methods="2" coveredmethods="1"/>
      <file name="operations.ts" path="/home/nick/uplink-monorepo/packages/uplink-hub/subgraphs/user/src/operations/operations.ts">
        <metrics statements="11" coveredstatements="9" conditionals="0" coveredconditionals="0" methods="2" coveredmethods="1"/>
        <line num="1" count="1" type="stmt"/>
        <line num="4" count="1" type="stmt"/>
        <line num="6" count="0" type="stmt"/>
        <line num="10" count="1" type="stmt"/>
        <line num="12" count="1" type="stmt"/>
        <line num="13" count="1" type="stmt"/>
        <line num="14" count="1" type="stmt"/>
        <line num="15" count="1" type="stmt"/>
        <line num="17" count="1" type="stmt"/>
        <line num="20" count="0" type="stmt"/>
        <line num="26" count="1" type="stmt"/>
      </file>
    </package>
    <package name="resolvers">
      <metrics statements="10" coveredstatements="9" conditionals="0" coveredconditionals="0" methods="3" coveredmethods="2"/>
      <file name="mutations.ts" path="/home/nick/uplink-monorepo/packages/uplink-hub/subgraphs/user/src/resolvers/mutations.ts">
        <metrics statements="5" coveredstatements="5" conditionals="0" coveredconditionals="0" methods="1" coveredmethods="1"/>
        <line num="1" count="1" type="stmt"/>
        <line num="4" count="1" type="stmt"/>
        <line num="7" count="1" type="stmt"/>
        <line num="8" count="1" type="stmt"/>
        <line num="14" count="1" type="stmt"/>
      </file>
      <file name="queries.ts" path="/home/nick/uplink-monorepo/packages/uplink-hub/subgraphs/user/src/resolvers/queries.ts">
        <metrics statements="5" coveredstatements="4" conditionals="0" coveredconditionals="0" methods="2" coveredmethods="1"/>
        <line num="2" count="1" type="stmt"/>
        <line num="5" count="0" type="stmt"/>
        <line num="8" count="1" type="stmt"/>
        <line num="13" count="1" type="stmt"/>
        <line num="20" count="1" type="stmt"/>
      </file>
    </package>
  </project>
</coverage>
